<?xml version="1.0" encoding="UTF-8"?>
<testng-results skipped="0" failed="1" total="2" passed="1">
  <reporter-output>
    <line>
      <![CDATA[Test is Failed]]>
    </line>
  </reporter-output>
  <suite name="Suite" duration-ms="117919" started-at="2018-06-05T09:46:37Z" finished-at="2018-06-05T09:48:35Z">
    <groups>
    </groups>
    <test name="Test1" duration-ms="50736" started-at="2018-06-05T09:46:37Z" finished-at="2018-06-05T09:47:28Z">
      <class name="pagelibrary.com.ranfordank.TestExecution">
        <test-method status="PASS" signature="verify_launch(java.lang.String, java.lang.String)[pri:0, instance:pagelibrary.com.ranfordank.TestExecution@1794d431]" name="verify_launch" is-config="true" duration-ms="44164" started-at="2018-06-05T15:16:38Z" finished-at="2018-06-05T15:17:22Z">
          <params>
            <param index="0">
              <value>
                <![CDATA[http://srssprojects.in/home.aspx]]>
              </value>
            </param>
            <param index="1">
              <value>
                <![CDATA[firefox]]>
              </value>
            </param>
          </params>
          <reporter-output>
          </reporter-output>
        </test-method> <!-- verify_launch -->
        <test-method status="PASS" signature="verify_login()[pri:0, instance:pagelibrary.com.ranfordank.TestExecution@1794d431]" name="verify_login" duration-ms="6499" started-at="2018-06-05T15:17:22Z" finished-at="2018-06-05T15:17:28Z">
          <reporter-output>
            <line>
              <![CDATA[Test is Failed]]>
            </line>
          </reporter-output>
        </test-method> <!-- verify_login -->
      </class> <!-- pagelibrary.com.ranfordank.TestExecution -->
    </test> <!-- Test1 -->
    <test name="Test2" duration-ms="66654" started-at="2018-06-05T09:47:29Z" finished-at="2018-06-05T09:48:35Z">
      <class name="pagelibrary.com.ranfordank.TestExecution">
        <test-method status="PASS" signature="verify_launch(java.lang.String, java.lang.String)[pri:0, instance:pagelibrary.com.ranfordank.TestExecution@271053e1]" name="verify_launch" is-config="true" duration-ms="63738" started-at="2018-06-05T15:17:29Z" finished-at="2018-06-05T15:18:33Z">
          <params>
            <param index="0">
              <value>
                <![CDATA[http://srssprojects.in/home.aspx]]>
              </value>
            </param>
            <param index="1">
              <value>
                <![CDATA[chrome]]>
              </value>
            </param>
          </params>
          <reporter-output>
          </reporter-output>
        </test-method> <!-- verify_launch -->
        <test-method status="FAIL" signature="verify_login()[pri:0, instance:pagelibrary.com.ranfordank.TestExecution@271053e1]" name="verify_login" duration-ms="2884" started-at="2018-06-05T15:18:33Z" finished-at="2018-06-05T15:18:35Z">
          <exception class="org.openqa.selenium.WebDriverException">
            <message>
              <![CDATA[unknown error: call function result missing 'value'
  (Session info: chrome=66.0.3359.181)
  (Driver info: chromedriver=2.30.477700 (0057494ad8732195794a7b32078424f92a5fce41),platform=Windows NT 6.2.9200 x86_64) (WARNING: The server did not provide any stacktrace information)
Command duration or timeout: 1.21 seconds
Build info: version: '2.53.1', revision: 'a36b8b1cd5757287168e54b817830adce9b0158d', time: '2016-06-30 19:26:09'
System info: host: 'hp', ip: '192.168.3.105', os.name: 'Windows 8', os.arch: 'amd64', os.version: '6.2', java.version: '1.8.0_144'
Driver info: org.openqa.selenium.chrome.ChromeDriver
Capabilities [{applicationCacheEnabled=false, rotatable=false, mobileEmulationEnabled=false, networkConnectionEnabled=false, chrome={chromedriverVersion=2.30.477700 (0057494ad8732195794a7b32078424f92a5fce41), userDataDir=C:\Users\SHIVAN~1\AppData\Local\Temp\scoped_dir3304_26197}, takesHeapSnapshot=true, pageLoadStrategy=normal, databaseEnabled=false, handlesAlerts=true, hasTouchScreen=false, version=66.0.3359.181, platform=WIN8, browserConnectionEnabled=false, nativeEvents=true, acceptSslCerts=true, locationContextEnabled=true, webStorageEnabled=true, browserName=chrome, takesScreenshot=true, javascriptEnabled=true, cssSelectorsEnabled=true, unexpectedAlertBehaviour=}]
Session ID: 6a29c516a1bea9eb3f11ded7e6d89f1b]]>
            </message>
            <full-stacktrace>
              <![CDATA[org.openqa.selenium.WebDriverException: unknown error: call function result missing 'value'
  (Session info: chrome=66.0.3359.181)
  (Driver info: chromedriver=2.30.477700 (0057494ad8732195794a7b32078424f92a5fce41),platform=Windows NT 6.2.9200 x86_64) (WARNING: The server did not provide any stacktrace information)
Command duration or timeout: 1.21 seconds
Build info: version: '2.53.1', revision: 'a36b8b1cd5757287168e54b817830adce9b0158d', time: '2016-06-30 19:26:09'
System info: host: 'hp', ip: '192.168.3.105', os.name: 'Windows 8', os.arch: 'amd64', os.version: '6.2', java.version: '1.8.0_144'
Driver info: org.openqa.selenium.chrome.ChromeDriver
Capabilities [{applicationCacheEnabled=false, rotatable=false, mobileEmulationEnabled=false, networkConnectionEnabled=false, chrome={chromedriverVersion=2.30.477700 (0057494ad8732195794a7b32078424f92a5fce41), userDataDir=C:\Users\SHIVAN~1\AppData\Local\Temp\scoped_dir3304_26197}, takesHeapSnapshot=true, pageLoadStrategy=normal, databaseEnabled=false, handlesAlerts=true, hasTouchScreen=false, version=66.0.3359.181, platform=WIN8, browserConnectionEnabled=false, nativeEvents=true, acceptSslCerts=true, locationContextEnabled=true, webStorageEnabled=true, browserName=chrome, takesScreenshot=true, javascriptEnabled=true, cssSelectorsEnabled=true, unexpectedAlertBehaviour=}]
Session ID: 6a29c516a1bea9eb3f11ded7e6d89f1b
	at sun.reflect.NativeConstructorAccessorImpl.newInstance0(Native Method)
	at sun.reflect.NativeConstructorAccessorImpl.newInstance(NativeConstructorAccessorImpl.java:62)
	at sun.reflect.DelegatingConstructorAccessorImpl.newInstance(DelegatingConstructorAccessorImpl.java:45)
	at java.lang.reflect.Constructor.newInstance(Constructor.java:423)
	at org.openqa.selenium.remote.ErrorHandler.createThrowable(ErrorHandler.java:206)
	at org.openqa.selenium.remote.ErrorHandler.throwIfResponseFailed(ErrorHandler.java:158)
	at org.openqa.selenium.remote.RemoteWebDriver.execute(RemoteWebDriver.java:678)
	at org.openqa.selenium.remote.RemoteWebElement.execute(RemoteWebElement.java:327)
	at org.openqa.selenium.remote.RemoteWebElement.sendKeys(RemoteWebElement.java:122)
	at pagelibrary.com.ranfordank.Reprository.login(Reprository.java:20)
	at pagelibrary.com.ranfordank.TestExecution.verify_login(TestExecution.java:16)
	at sun.reflect.NativeMethodAccessorImpl.invoke0(Native Method)
	at sun.reflect.NativeMethodAccessorImpl.invoke(NativeMethodAccessorImpl.java:62)
	at sun.reflect.DelegatingMethodAccessorImpl.invoke(DelegatingMethodAccessorImpl.java:43)
	at java.lang.reflect.Method.invoke(Method.java:498)
	at org.testng.internal.MethodInvocationHelper.invokeMethod(MethodInvocationHelper.java:85)
	at org.testng.internal.Invoker.invokeMethod(Invoker.java:639)
	at org.testng.internal.Invoker.invokeTestMethod(Invoker.java:816)
	at org.testng.internal.Invoker.invokeTestMethods(Invoker.java:1124)
	at org.testng.internal.TestMethodWorker.invokeTestMethods(TestMethodWorker.java:125)
	at org.testng.internal.TestMethodWorker.run(TestMethodWorker.java:108)
	at org.testng.TestRunner.privateRun(TestRunner.java:774)
	at org.testng.TestRunner.run(TestRunner.java:624)
	at org.testng.SuiteRunner.runTest(SuiteRunner.java:359)
	at org.testng.SuiteRunner.runSequentially(SuiteRunner.java:354)
	at org.testng.SuiteRunner.privateRun(SuiteRunner.java:312)
	at org.testng.SuiteRunner.run(SuiteRunner.java:261)
	at org.testng.SuiteRunnerWorker.runSuite(SuiteRunnerWorker.java:52)
	at org.testng.SuiteRunnerWorker.run(SuiteRunnerWorker.java:86)
	at org.testng.TestNG.runSuitesSequentially(TestNG.java:1215)
	at org.testng.TestNG.runSuitesLocally(TestNG.java:1140)
	at org.testng.TestNG.run(TestNG.java:1048)
	at org.testng.remote.AbstractRemoteTestNG.run(AbstractRemoteTestNG.java:132)
	at org.testng.remote.RemoteTestNG.initAndRun(RemoteTestNG.java:230)
	at org.testng.remote.RemoteTestNG.main(RemoteTestNG.java:76)
]]>
            </full-stacktrace>
          </exception> <!-- org.openqa.selenium.WebDriverException -->
          <reporter-output>
          </reporter-output>
        </test-method> <!-- verify_login -->
      </class> <!-- pagelibrary.com.ranfordank.TestExecution -->
    </test> <!-- Test2 -->
  </suite> <!-- Suite -->
</testng-results>
